<?xml version="1.0" encoding="UTF-8"?>
<!-- Generated by org.testng.reporters.JUnitReportReporter -->
<testsuite skipped="0" hostname="IXIA-DO-0002" name="testNG.DataProviderWithExcel" tests="2" failures="0" timestamp="26 Sep 2018 13:10:31 GMT" time="60.588" errors="0">
  <testcase name="test" time="31.908" classname="testNG.DataProviderWithExcel"/>
  <testcase name="test" time="28.680" classname="testNG.DataProviderWithExcel"/>
</testsuite> <!-- testNG.DataProviderWithExcel -->
